app/build/intermediates/manifest_merge_blame_file/debug/manifest-merger-blame-debug-report.txt
1<?xml version="1.0" encoding="utf-8"?>
2<manifest xmlns:android="http://schemas.android.com/apk/res/android"
3    package="com.example.vcare"
4    android:versionCode="1"
5    android:versionName="1.0" >
6
7    <uses-sdk
8        android:minSdkVersion="16"
8-->src\main\AndroidManifest.xml
9        android:targetSdkVersion="30" />
9-->src\main\AndroidManifest.xml
10
11    <uses-permission android:name="android.permission.INTERNET" />
11-->src\main\AndroidManifest.xml:5:5-67
11-->src\main\AndroidManifest.xml:5:22-64
12    <uses-permission android:name="android.permission.ACCESS_NETWORK_STATE" />
12-->src\main\AndroidManifest.xml:6:5-79
12-->src\main\AndroidManifest.xml:6:22-76
13    <uses-permission android:name="android.permission.WAKE_LOCK" />
13-->[com.google.android.gms:play-services-measurement-api:19.0.0] AndroidManifest.xml:24:5-68
13-->[com.google.android.gms:play-services-measurement-api:19.0.0] AndroidManifest.xml:24:22-65
14    <uses-permission android:name="com.google.android.finsky.permission.BIND_GET_INSTALL_REFERRER_SERVICE" />
14-->[com.google.android.gms:play-services-measurement:19.0.0] AndroidManifest.xml:26:5-110
14-->[com.google.android.gms:play-services-measurement:19.0.0] AndroidManifest.xml:26:22-107
15
16    <application
16-->src\main\AndroidManifest.xml:8:5-58:19
17        android:allowBackup="true"
17-->src\main\AndroidManifest.xml:9:9-35
18        android:appComponentFactory="androidx.core.app.CoreComponentFactory"
18-->[androidx.core:core:1.5.0] AndroidManifest.xml:24:18-86
19        android:debuggable="true"
20        android:icon="@mipmap/ic_launcher"
20-->src\main\AndroidManifest.xml:10:9-43
21        android:label="@string/app_name"
21-->src\main\AndroidManifest.xml:11:9-41
22        android:networkSecurityConfig="@xml/network_security_config"
22-->src\main\AndroidManifest.xml:12:9-69
23        android:roundIcon="@mipmap/ic_launcher_round"
23-->src\main\AndroidManifest.xml:13:9-54
24        android:supportsRtl="true"
24-->src\main\AndroidManifest.xml:14:9-35
25        android:testOnly="true"
26        android:theme="@style/Theme.VCare" >
26-->src\main\AndroidManifest.xml:15:9-43
27        <activity
27-->src\main\AndroidManifest.xml:16:9-18:39
28            android:name="com.example.vcare.SavedPrompts"
28-->src\main\AndroidManifest.xml:17:13-41
29            android:exported="true" />
29-->src\main\AndroidManifest.xml:18:13-36
30        <activity
30-->src\main\AndroidManifest.xml:19:9-21:39
31            android:name="com.example.vcare.SavedQuotes"
31-->src\main\AndroidManifest.xml:20:13-40
32            android:exported="true" />
32-->src\main\AndroidManifest.xml:21:13-36
33
34        <meta-data
34-->src\main\AndroidManifest.xml:23:9-25:63
35            android:name="com.google.android.actions"
35-->src\main\AndroidManifest.xml:24:13-54
36            android:resource="@xml/network_security_config" />
36-->src\main\AndroidManifest.xml:25:13-60
37
38        <activity android:name="com.example.vcare.ArticleWebView" />
38-->src\main\AndroidManifest.xml:27:9-52
38-->src\main\AndroidManifest.xml:27:19-49
39        <activity android:name="com.example.vcare.ThanksSubmit" />
39-->src\main\AndroidManifest.xml:28:9-50
39-->src\main\AndroidManifest.xml:28:19-47
40        <activity android:name="com.example.vcare.Mindfulness" />
40-->src\main\AndroidManifest.xml:29:9-49
40-->src\main\AndroidManifest.xml:29:19-46
41        <activity android:name="com.example.vcare.Menu" />
41-->src\main\AndroidManifest.xml:30:9-42
41-->src\main\AndroidManifest.xml:30:19-39
42        <activity android:name="com.example.vcare.AboutUs" />
42-->src\main\AndroidManifest.xml:31:9-45
42-->src\main\AndroidManifest.xml:31:19-42
43        <activity android:name="com.example.vcare.DailyQuote" />
43-->src\main\AndroidManifest.xml:32:9-48
43-->src\main\AndroidManifest.xml:32:19-45
44        <activity android:name="com.example.vcare.JournalPage" />
44-->src\main\AndroidManifest.xml:33:9-49
44-->src\main\AndroidManifest.xml:33:19-46
45        <activity android:name="com.example.vcare.SavedScreen" />
45-->src\main\AndroidManifest.xml:34:9-49
45-->src\main\AndroidManifest.xml:34:19-46
46        <activity android:name="com.example.vcare.RegisterPage" />
46-->src\main\AndroidManifest.xml:35:9-50
46-->src\main\AndroidManifest.xml:35:19-47
47        <activity android:name="com.example.vcare.ForgotPassPage" />
47-->src\main\AndroidManifest.xml:36:9-52
47-->src\main\AndroidManifest.xml:36:19-49
48        <activity android:name="com.example.vcare.LoginPage" />
48-->src\main\AndroidManifest.xml:37:9-47
48-->src\main\AndroidManifest.xml:37:19-44
49        <activity android:name="com.example.vcare.AccountInfo" />
49-->src\main\AndroidManifest.xml:38:9-49
49-->src\main\AndroidManifest.xml:38:19-46
50        <activity android:name="com.example.vcare.AccountSettings" />
50-->src\main\AndroidManifest.xml:39:9-53
50-->src\main\AndroidManifest.xml:39:19-50
51        <activity android:name="com.example.vcare.HomeScreen" />
51-->src\main\AndroidManifest.xml:40:9-48
51-->src\main\AndroidManifest.xml:40:19-45
52        <activity android:name="com.example.vcare.Welcome" >
52-->src\main\AndroidManifest.xml:41:9-47:20
52-->src\main\AndroidManifest.xml:41:19-42
53            <intent-filter>
53-->src\main\AndroidManifest.xml:42:13-46:29
54                <action android:name="android.intent.action.MAIN" />
54-->src\main\AndroidManifest.xml:43:17-69
54-->src\main\AndroidManifest.xml:43:25-66
55
56                <category android:name="android.intent.category.LAUNCHER" />
56-->src\main\AndroidManifest.xml:45:17-77
56-->src\main\AndroidManifest.xml:45:27-74
57            </intent-filter>
58        </activity>
59        <activity android:name="com.example.vcare.CalendarNoteActivity" />
59-->src\main\AndroidManifest.xml:48:9-58
59-->src\main\AndroidManifest.xml:48:19-55
60        <activity android:name="com.example.vcare.CalendarActivity" />
60-->src\main\AndroidManifest.xml:49:9-54
60-->src\main\AndroidManifest.xml:49:19-51
61        <activity android:name="com.example.vcare.JournalPrompts" />
61-->src\main\AndroidManifest.xml:50:9-52
61-->src\main\AndroidManifest.xml:50:19-49
62        <activity android:name="com.example.vcare.AllSaved" />
62-->src\main\AndroidManifest.xml:51:9-46
62-->src\main\AndroidManifest.xml:51:19-43
63        <activity android:name="com.example.vcare.SavedArticles" />
63-->src\main\AndroidManifest.xml:52:9-51
63-->src\main\AndroidManifest.xml:52:19-48
64        <activity android:name="com.example.vcare.CrisisHotlines" />
64-->src\main\AndroidManifest.xml:53:9-52
64-->src\main\AndroidManifest.xml:53:19-49
65
66        <meta-data
66-->src\main\AndroidManifest.xml:55:9-57:57
67            android:name="preloaded_fonts"
67-->src\main\AndroidManifest.xml:56:13-43
68            android:resource="@array/preloaded_fonts" />
68-->src\main\AndroidManifest.xml:57:13-54
69        <meta-data
69-->[com.firebaseui:firebase-ui-auth:7.2.0] AndroidManifest.xml:16:9-18:69
70            android:name="com.google.android.gms.version"
70-->[com.firebaseui:firebase-ui-auth:7.2.0] AndroidManifest.xml:17:13-58
71            android:value="@integer/google_play_services_version" />
71-->[com.firebaseui:firebase-ui-auth:7.2.0] AndroidManifest.xml:18:13-66
72        <meta-data
72-->[com.firebaseui:firebase-ui-auth:7.2.0] AndroidManifest.xml:19:9-21:63
73            android:name="com.facebook.sdk.ApplicationId"
73-->[com.firebaseui:firebase-ui-auth:7.2.0] AndroidManifest.xml:20:13-58
74            android:value="@string/facebook_application_id" />
74-->[com.firebaseui:firebase-ui-auth:7.2.0] AndroidManifest.xml:21:13-60
75
76        <activity
76-->[com.firebaseui:firebase-ui-auth:7.2.0] AndroidManifest.xml:23:9-27:61
77            android:name="com.firebase.ui.auth.KickoffActivity"
77-->[com.firebaseui:firebase-ui-auth:7.2.0] AndroidManifest.xml:24:13-64
78            android:exported="false"
78-->[com.firebaseui:firebase-ui-auth:7.2.0] AndroidManifest.xml:25:13-37
79            android:label=""
79-->[com.firebaseui:firebase-ui-auth:7.2.0] AndroidManifest.xml:26:13-29
80            android:theme="@style/FirebaseUI.Transparent" />
80-->[com.firebaseui:firebase-ui-auth:7.2.0] AndroidManifest.xml:27:13-58
81        <activity
81-->[com.firebaseui:firebase-ui-auth:7.2.0] AndroidManifest.xml:28:9-32:61
82            android:name="com.firebase.ui.auth.ui.idp.SingleSignInActivity"
82-->[com.firebaseui:firebase-ui-auth:7.2.0] AndroidManifest.xml:29:13-76
83            android:exported="false"
83-->[com.firebaseui:firebase-ui-auth:7.2.0] AndroidManifest.xml:30:13-37
84            android:label=""
84-->[com.firebaseui:firebase-ui-auth:7.2.0] AndroidManifest.xml:31:13-29
85            android:theme="@style/FirebaseUI.Transparent" />
85-->[com.firebaseui:firebase-ui-auth:7.2.0] AndroidManifest.xml:32:13-58
86        <activity
86-->[com.firebaseui:firebase-ui-auth:7.2.0] AndroidManifest.xml:33:9-37:61
87            android:name="com.firebase.ui.auth.ui.credentials.CredentialSaveActivity"
87-->[com.firebaseui:firebase-ui-auth:7.2.0] AndroidManifest.xml:34:13-86
88            android:exported="false"
88-->[com.firebaseui:firebase-ui-auth:7.2.0] AndroidManifest.xml:35:13-37
89            android:label=""
89-->[com.firebaseui:firebase-ui-auth:7.2.0] AndroidManifest.xml:36:13-29
90            android:theme="@style/FirebaseUI.Transparent" />
90-->[com.firebaseui:firebase-ui-auth:7.2.0] AndroidManifest.xml:37:13-58
91        <activity
91-->[com.firebaseui:firebase-ui-auth:7.2.0] AndroidManifest.xml:38:9-42:58
92            android:name="com.firebase.ui.auth.ui.email.RecoverPasswordActivity"
92-->[com.firebaseui:firebase-ui-auth:7.2.0] AndroidManifest.xml:39:13-81
93            android:exported="false"
93-->[com.firebaseui:firebase-ui-auth:7.2.0] AndroidManifest.xml:40:13-37
94            android:label="@string/fui_title_recover_password_activity"
94-->[com.firebaseui:firebase-ui-auth:7.2.0] AndroidManifest.xml:41:13-72
95            android:windowSoftInputMode="adjustResize" />
95-->[com.firebaseui:firebase-ui-auth:7.2.0] AndroidManifest.xml:42:13-55
96        <activity
96-->[com.firebaseui:firebase-ui-auth:7.2.0] AndroidManifest.xml:43:9-47:58
97            android:name="com.firebase.ui.auth.ui.email.EmailActivity"
97-->[com.firebaseui:firebase-ui-auth:7.2.0] AndroidManifest.xml:44:13-71
98            android:exported="false"
98-->[com.firebaseui:firebase-ui-auth:7.2.0] AndroidManifest.xml:45:13-37
99            android:label="@string/fui_sign_in_default"
99-->[com.firebaseui:firebase-ui-auth:7.2.0] AndroidManifest.xml:46:13-56
100            android:windowSoftInputMode="adjustResize" />
100-->[com.firebaseui:firebase-ui-auth:7.2.0] AndroidManifest.xml:47:13-55
101        <activity
101-->[com.firebaseui:firebase-ui-auth:7.2.0] AndroidManifest.xml:48:9-52:77
102            android:name="com.firebase.ui.auth.ui.phone.PhoneActivity"
102-->[com.firebaseui:firebase-ui-auth:7.2.0] AndroidManifest.xml:49:13-71
103            android:exported="false"
103-->[com.firebaseui:firebase-ui-auth:7.2.0] AndroidManifest.xml:50:13-37
104            android:label="@string/fui_sign_in_with_phone_number"
104-->[com.firebaseui:firebase-ui-auth:7.2.0] AndroidManifest.xml:51:13-66
105            android:windowSoftInputMode="adjustResize|stateAlwaysVisible" />
105-->[com.firebaseui:firebase-ui-auth:7.2.0] AndroidManifest.xml:52:13-74
106        <activity
106-->[com.firebaseui:firebase-ui-auth:7.2.0] AndroidManifest.xml:53:9-57:58
107            android:name="com.firebase.ui.auth.ui.idp.WelcomeBackIdpPrompt"
107-->[com.firebaseui:firebase-ui-auth:7.2.0] AndroidManifest.xml:54:13-76
108            android:exported="false"
108-->[com.firebaseui:firebase-ui-auth:7.2.0] AndroidManifest.xml:55:13-37
109            android:label="@string/fui_title_welcome_back_idp_prompt"
109-->[com.firebaseui:firebase-ui-auth:7.2.0] AndroidManifest.xml:56:13-70
110            android:windowSoftInputMode="adjustResize" />
110-->[com.firebaseui:firebase-ui-auth:7.2.0] AndroidManifest.xml:57:13-55
111        <activity
111-->[com.firebaseui:firebase-ui-auth:7.2.0] AndroidManifest.xml:58:9-62:58
112            android:name="com.firebase.ui.auth.ui.email.WelcomeBackPasswordPrompt"
112-->[com.firebaseui:firebase-ui-auth:7.2.0] AndroidManifest.xml:59:13-83
113            android:exported="false"
113-->[com.firebaseui:firebase-ui-auth:7.2.0] AndroidManifest.xml:60:13-37
114            android:label="@string/fui_title_welcome_back_password_prompt"
114-->[com.firebaseui:firebase-ui-auth:7.2.0] AndroidManifest.xml:61:13-75
115            android:windowSoftInputMode="adjustResize" />
115-->[com.firebaseui:firebase-ui-auth:7.2.0] AndroidManifest.xml:62:13-55
116        <activity
116-->[com.firebaseui:firebase-ui-auth:7.2.0] AndroidManifest.xml:63:9-67:58
117            android:name="com.firebase.ui.auth.ui.email.WelcomeBackEmailLinkPrompt"
117-->[com.firebaseui:firebase-ui-auth:7.2.0] AndroidManifest.xml:64:13-84
118            android:exported="false"
118-->[com.firebaseui:firebase-ui-auth:7.2.0] AndroidManifest.xml:65:13-37
119            android:label="@string/fui_title_welcome_back_password_prompt"
119-->[com.firebaseui:firebase-ui-auth:7.2.0] AndroidManifest.xml:66:13-75
120            android:windowSoftInputMode="adjustResize" />
120-->[com.firebaseui:firebase-ui-auth:7.2.0] AndroidManifest.xml:67:13-55
121        <activity
121-->[com.firebaseui:firebase-ui-auth:7.2.0] AndroidManifest.xml:68:9-73:58
122            android:name="com.firebase.ui.auth.ui.email.EmailLinkCatcherActivity"
122-->[com.firebaseui:firebase-ui-auth:7.2.0] AndroidManifest.xml:69:13-82
123            android:exported="false"
123-->[com.firebaseui:firebase-ui-auth:7.2.0] AndroidManifest.xml:70:13-37
124            android:label=""
124-->[com.firebaseui:firebase-ui-auth:7.2.0] AndroidManifest.xml:71:13-29
125            android:theme="@style/FirebaseUI.Transparent"
125-->[com.firebaseui:firebase-ui-auth:7.2.0] AndroidManifest.xml:72:13-58
126            android:windowSoftInputMode="adjustResize" />
126-->[com.firebaseui:firebase-ui-auth:7.2.0] AndroidManifest.xml:73:13-55
127        <activity
127-->[com.firebaseui:firebase-ui-auth:7.2.0] AndroidManifest.xml:74:9-78:58
128            android:name="com.firebase.ui.auth.ui.email.EmailLinkErrorRecoveryActivity"
128-->[com.firebaseui:firebase-ui-auth:7.2.0] AndroidManifest.xml:75:13-88
129            android:exported="false"
129-->[com.firebaseui:firebase-ui-auth:7.2.0] AndroidManifest.xml:76:13-37
130            android:label="@string/fui_sign_in_default"
130-->[com.firebaseui:firebase-ui-auth:7.2.0] AndroidManifest.xml:77:13-56
131            android:windowSoftInputMode="adjustResize" />
131-->[com.firebaseui:firebase-ui-auth:7.2.0] AndroidManifest.xml:78:13-55
132        <activity
132-->[com.firebaseui:firebase-ui-auth:7.2.0] AndroidManifest.xml:79:9-82:65
133            android:name="com.firebase.ui.auth.ui.idp.AuthMethodPickerActivity"
133-->[com.firebaseui:firebase-ui-auth:7.2.0] AndroidManifest.xml:80:13-80
134            android:exported="false"
134-->[com.firebaseui:firebase-ui-auth:7.2.0] AndroidManifest.xml:81:13-37
135            android:label="@string/fui_default_toolbar_title" />
135-->[com.firebaseui:firebase-ui-auth:7.2.0] AndroidManifest.xml:82:13-62
136        <activity
136-->[com.firebaseui:firebase-ui-auth:7.2.0] AndroidManifest.xml:83:9-87:48
137            android:name="com.facebook.FacebookActivity"
137-->[com.firebaseui:firebase-ui-auth:7.2.0] AndroidManifest.xml:84:13-57
138            android:configChanges="keyboard|keyboardHidden|screenLayout|screenSize|orientation"
138-->[com.firebaseui:firebase-ui-auth:7.2.0] AndroidManifest.xml:85:13-96
139            android:label="@string/app_name" />
139-->[com.firebaseui:firebase-ui-auth:7.2.0] AndroidManifest.xml:86:13-45
140        <activity
140-->[com.firebaseui:firebase-ui-auth:7.2.0] AndroidManifest.xml:88:9-100:20
141            android:name="com.facebook.CustomTabActivity"
141-->[com.firebaseui:firebase-ui-auth:7.2.0] AndroidManifest.xml:89:13-58
142            android:exported="true" >
142-->[com.firebaseui:firebase-ui-auth:7.2.0] AndroidManifest.xml:90:13-36
143            <intent-filter>
143-->[com.firebaseui:firebase-ui-auth:7.2.0] AndroidManifest.xml:92:13-99:29
144                <action android:name="android.intent.action.VIEW" />
144-->[com.firebaseui:firebase-ui-auth:7.2.0] AndroidManifest.xml:93:17-69
144-->[com.firebaseui:firebase-ui-auth:7.2.0] AndroidManifest.xml:93:25-66
145
146                <category android:name="android.intent.category.DEFAULT" />
146-->[com.firebaseui:firebase-ui-auth:7.2.0] AndroidManifest.xml:95:17-76
146-->[com.firebaseui:firebase-ui-auth:7.2.0] AndroidManifest.xml:95:27-73
147                <category android:name="android.intent.category.BROWSABLE" />
147-->[com.firebaseui:firebase-ui-auth:7.2.0] AndroidManifest.xml:96:17-78
147-->[com.firebaseui:firebase-ui-auth:7.2.0] AndroidManifest.xml:96:27-75
148
149                <data android:scheme="@string/facebook_login_protocol_scheme" />
149-->[com.firebaseui:firebase-ui-auth:7.2.0] AndroidManifest.xml:98:17-81
149-->[com.firebaseui:firebase-ui-auth:7.2.0] AndroidManifest.xml:98:23-78
150            </intent-filter>
151        </activity>
152
153        <provider
153-->[com.firebaseui:firebase-ui-auth:7.2.0] AndroidManifest.xml:102:9-106:38
154            android:name="com.firebase.ui.auth.data.client.AuthUiInitProvider"
154-->[com.firebaseui:firebase-ui-auth:7.2.0] AndroidManifest.xml:103:13-79
155            android:authorities="com.example.vcare.authuiinitprovider"
155-->[com.firebaseui:firebase-ui-auth:7.2.0] AndroidManifest.xml:104:13-70
156            android:exported="false"
156-->[com.firebaseui:firebase-ui-auth:7.2.0] AndroidManifest.xml:105:13-37
157            android:initOrder="90" />
157-->[com.firebaseui:firebase-ui-auth:7.2.0] AndroidManifest.xml:106:13-35
158
159        <service
159-->[com.google.firebase:firebase-database:20.0.1] AndroidManifest.xml:29:9-35:19
160            android:name="com.google.firebase.components.ComponentDiscoveryService"
160-->[com.google.firebase:firebase-database:20.0.1] AndroidManifest.xml:30:13-84
161            android:directBootAware="true"
161-->[com.google.firebase:firebase-common:20.0.0] AndroidManifest.xml:35:13-43
162            android:exported="false" >
162-->[com.google.firebase:firebase-database:20.0.1] AndroidManifest.xml:31:13-37
163            <meta-data
163-->[com.google.firebase:firebase-database:20.0.1] AndroidManifest.xml:32:13-34:85
164                android:name="com.google.firebase.components:com.google.firebase.database.DatabaseRegistrar"
164-->[com.google.firebase:firebase-database:20.0.1] AndroidManifest.xml:33:17-109
165                android:value="com.google.firebase.components.ComponentRegistrar" />
165-->[com.google.firebase:firebase-database:20.0.1] AndroidManifest.xml:34:17-82
166            <meta-data
166-->[com.google.firebase:firebase-auth:21.0.1] AndroidManifest.xml:77:13-79:85
167                android:name="com.google.firebase.components:com.google.firebase.auth.FirebaseAuthRegistrar"
167-->[com.google.firebase:firebase-auth:21.0.1] AndroidManifest.xml:78:17-109
168                android:value="com.google.firebase.components.ComponentRegistrar" />
168-->[com.google.firebase:firebase-auth:21.0.1] AndroidManifest.xml:79:17-82
169            <meta-data
169-->[com.google.android.gms:play-services-measurement-api:19.0.0] AndroidManifest.xml:30:13-32:85
170                android:name="com.google.firebase.components:com.google.firebase.analytics.connector.internal.AnalyticsConnectorRegistrar"
170-->[com.google.android.gms:play-services-measurement-api:19.0.0] AndroidManifest.xml:31:17-139
171                android:value="com.google.firebase.components.ComponentRegistrar" />
171-->[com.google.android.gms:play-services-measurement-api:19.0.0] AndroidManifest.xml:32:17-82
172            <meta-data
172-->[com.google.firebase:firebase-installations:17.0.0] AndroidManifest.xml:18:13-20:85
173                android:name="com.google.firebase.components:com.google.firebase.installations.FirebaseInstallationsRegistrar"
173-->[com.google.firebase:firebase-installations:17.0.0] AndroidManifest.xml:19:17-127
174                android:value="com.google.firebase.components.ComponentRegistrar" />
174-->[com.google.firebase:firebase-installations:17.0.0] AndroidManifest.xml:20:17-82
175        </service>
176
177        <activity
177-->[com.google.firebase:firebase-auth:21.0.1] AndroidManifest.xml:27:9-44:20
178            android:name="com.google.firebase.auth.internal.GenericIdpActivity"
178-->[com.google.firebase:firebase-auth:21.0.1] AndroidManifest.xml:28:13-80
179            android:excludeFromRecents="true"
179-->[com.google.firebase:firebase-auth:21.0.1] AndroidManifest.xml:29:13-46
180            android:exported="true"
180-->[com.google.firebase:firebase-auth:21.0.1] AndroidManifest.xml:30:13-36
181            android:launchMode="singleTask"
181-->[com.google.firebase:firebase-auth:21.0.1] AndroidManifest.xml:31:13-44
182            android:theme="@android:style/Theme.Translucent.NoTitleBar" >
182-->[com.google.firebase:firebase-auth:21.0.1] AndroidManifest.xml:32:13-72
183            <intent-filter>
183-->[com.google.firebase:firebase-auth:21.0.1] AndroidManifest.xml:33:13-43:29
184                <action android:name="android.intent.action.VIEW" />
184-->[com.firebaseui:firebase-ui-auth:7.2.0] AndroidManifest.xml:93:17-69
184-->[com.firebaseui:firebase-ui-auth:7.2.0] AndroidManifest.xml:93:25-66
185
186                <category android:name="android.intent.category.DEFAULT" />
186-->[com.firebaseui:firebase-ui-auth:7.2.0] AndroidManifest.xml:95:17-76
186-->[com.firebaseui:firebase-ui-auth:7.2.0] AndroidManifest.xml:95:27-73
187                <category android:name="android.intent.category.BROWSABLE" />
187-->[com.firebaseui:firebase-ui-auth:7.2.0] AndroidManifest.xml:96:17-78
187-->[com.firebaseui:firebase-ui-auth:7.2.0] AndroidManifest.xml:96:27-75
188
189                <data
189-->[com.firebaseui:firebase-ui-auth:7.2.0] AndroidManifest.xml:98:17-81
190                    android:host="firebase.auth"
191                    android:path="/"
192                    android:scheme="genericidp" />
192-->[com.firebaseui:firebase-ui-auth:7.2.0] AndroidManifest.xml:98:23-78
193            </intent-filter>
194        </activity>
195        <activity
195-->[com.google.firebase:firebase-auth:21.0.1] AndroidManifest.xml:45:9-62:20
196            android:name="com.google.firebase.auth.internal.RecaptchaActivity"
196-->[com.google.firebase:firebase-auth:21.0.1] AndroidManifest.xml:46:13-79
197            android:excludeFromRecents="true"
197-->[com.google.firebase:firebase-auth:21.0.1] AndroidManifest.xml:47:13-46
198            android:exported="true"
198-->[com.google.firebase:firebase-auth:21.0.1] AndroidManifest.xml:48:13-36
199            android:launchMode="singleTask"
199-->[com.google.firebase:firebase-auth:21.0.1] AndroidManifest.xml:49:13-44
200            android:theme="@android:style/Theme.Translucent.NoTitleBar" >
200-->[com.google.firebase:firebase-auth:21.0.1] AndroidManifest.xml:50:13-72
201            <intent-filter>
201-->[com.google.firebase:firebase-auth:21.0.1] AndroidManifest.xml:51:13-61:29
202                <action android:name="android.intent.action.VIEW" />
202-->[com.firebaseui:firebase-ui-auth:7.2.0] AndroidManifest.xml:93:17-69
202-->[com.firebaseui:firebase-ui-auth:7.2.0] AndroidManifest.xml:93:25-66
203
204                <category android:name="android.intent.category.DEFAULT" />
204-->[com.firebaseui:firebase-ui-auth:7.2.0] AndroidManifest.xml:95:17-76
204-->[com.firebaseui:firebase-ui-auth:7.2.0] AndroidManifest.xml:95:27-73
205                <category android:name="android.intent.category.BROWSABLE" />
205-->[com.firebaseui:firebase-ui-auth:7.2.0] AndroidManifest.xml:96:17-78
205-->[com.firebaseui:firebase-ui-auth:7.2.0] AndroidManifest.xml:96:27-75
206
207                <data
207-->[com.firebaseui:firebase-ui-auth:7.2.0] AndroidManifest.xml:98:17-81
208                    android:host="firebase.auth"
209                    android:path="/"
210                    android:scheme="recaptcha" />
210-->[com.firebaseui:firebase-ui-auth:7.2.0] AndroidManifest.xml:98:23-78
211            </intent-filter>
212        </activity>
213
214        <service
214-->[com.google.firebase:firebase-auth:21.0.1] AndroidManifest.xml:64:9-73:19
215            android:name="com.google.firebase.auth.api.fallback.service.FirebaseAuthFallbackService"
215-->[com.google.firebase:firebase-auth:21.0.1] AndroidManifest.xml:65:13-101
216            android:enabled="true"
216-->[com.google.firebase:firebase-auth:21.0.1] AndroidManifest.xml:66:13-35
217            android:exported="false" >
217-->[com.google.firebase:firebase-auth:21.0.1] AndroidManifest.xml:67:13-37
218            <intent-filter>
218-->[com.google.firebase:firebase-auth:21.0.1] AndroidManifest.xml:68:13-72:29
219                <action android:name="com.google.firebase.auth.api.gms.service.START" />
219-->[com.google.firebase:firebase-auth:21.0.1] AndroidManifest.xml:69:17-89
219-->[com.google.firebase:firebase-auth:21.0.1] AndroidManifest.xml:69:25-86
220
221                <category android:name="android.intent.category.DEFAULT" />
221-->[com.firebaseui:firebase-ui-auth:7.2.0] AndroidManifest.xml:95:17-76
221-->[com.firebaseui:firebase-ui-auth:7.2.0] AndroidManifest.xml:95:27-73
222            </intent-filter>
223        </service>
224
225        <provider
225-->[com.google.firebase:firebase-common:20.0.0] AndroidManifest.xml:26:9-31:39
226            android:name="com.google.firebase.provider.FirebaseInitProvider"
226-->[com.google.firebase:firebase-common:20.0.0] AndroidManifest.xml:27:13-77
227            android:authorities="com.example.vcare.firebaseinitprovider"
227-->[com.google.firebase:firebase-common:20.0.0] AndroidManifest.xml:28:13-72
228            android:directBootAware="true"
228-->[com.google.firebase:firebase-common:20.0.0] AndroidManifest.xml:29:13-43
229            android:exported="false"
229-->[com.google.firebase:firebase-common:20.0.0] AndroidManifest.xml:30:13-37
230            android:initOrder="100" />
230-->[com.google.firebase:firebase-common:20.0.0] AndroidManifest.xml:31:13-36
231
232        <activity
232-->[com.google.android.gms:play-services-auth:19.0.0] AndroidManifest.xml:23:9-27:75
233            android:name="com.google.android.gms.auth.api.signin.internal.SignInHubActivity"
233-->[com.google.android.gms:play-services-auth:19.0.0] AndroidManifest.xml:24:13-93
234            android:excludeFromRecents="true"
234-->[com.google.android.gms:play-services-auth:19.0.0] AndroidManifest.xml:25:13-46
235            android:exported="false"
235-->[com.google.android.gms:play-services-auth:19.0.0] AndroidManifest.xml:26:13-37
236            android:theme="@android:style/Theme.Translucent.NoTitleBar" />
236-->[com.google.android.gms:play-services-auth:19.0.0] AndroidManifest.xml:27:13-72
237        <!--
238            Service handling Google Sign-In user revocation. For apps that do not integrate with
239            Google Sign-In, this service will never be started.
240        -->
241        <service
241-->[com.google.android.gms:play-services-auth:19.0.0] AndroidManifest.xml:33:9-37:51
242            android:name="com.google.android.gms.auth.api.signin.RevocationBoundService"
242-->[com.google.android.gms:play-services-auth:19.0.0] AndroidManifest.xml:34:13-89
243            android:exported="true"
243-->[com.google.android.gms:play-services-auth:19.0.0] AndroidManifest.xml:35:13-36
244            android:permission="com.google.android.gms.auth.api.signin.permission.REVOCATION_NOTIFICATION"
244-->[com.google.android.gms:play-services-auth:19.0.0] AndroidManifest.xml:36:13-107
245            android:visibleToInstantApps="true" />
245-->[com.google.android.gms:play-services-auth:19.0.0] AndroidManifest.xml:37:13-48
246
247        <activity
247-->[com.google.android.gms:play-services-base:17.1.0] AndroidManifest.xml:23:9-26:75
248            android:name="com.google.android.gms.common.api.GoogleApiActivity"
248-->[com.google.android.gms:play-services-base:17.1.0] AndroidManifest.xml:24:13-79
249            android:exported="false"
249-->[com.google.android.gms:play-services-base:17.1.0] AndroidManifest.xml:25:13-37
250            android:theme="@android:style/Theme.Translucent.NoTitleBar" />
250-->[com.google.android.gms:play-services-base:17.1.0] AndroidManifest.xml:26:13-72
251
252        <receiver
252-->[com.google.android.gms:play-services-measurement:19.0.0] AndroidManifest.xml:29:9-33:20
253            android:name="com.google.android.gms.measurement.AppMeasurementReceiver"
253-->[com.google.android.gms:play-services-measurement:19.0.0] AndroidManifest.xml:30:13-85
254            android:enabled="true"
254-->[com.google.android.gms:play-services-measurement:19.0.0] AndroidManifest.xml:31:13-35
255            android:exported="false" >
255-->[com.google.android.gms:play-services-measurement:19.0.0] AndroidManifest.xml:32:13-37
256        </receiver>
257
258        <service
258-->[com.google.android.gms:play-services-measurement:19.0.0] AndroidManifest.xml:35:9-38:40
259            android:name="com.google.android.gms.measurement.AppMeasurementService"
259-->[com.google.android.gms:play-services-measurement:19.0.0] AndroidManifest.xml:36:13-84
260            android:enabled="true"
260-->[com.google.android.gms:play-services-measurement:19.0.0] AndroidManifest.xml:37:13-35
261            android:exported="false" />
261-->[com.google.android.gms:play-services-measurement:19.0.0] AndroidManifest.xml:38:13-37
262        <service
262-->[com.google.android.gms:play-services-measurement:19.0.0] AndroidManifest.xml:39:9-43:72
263            android:name="com.google.android.gms.measurement.AppMeasurementJobService"
263-->[com.google.android.gms:play-services-measurement:19.0.0] AndroidManifest.xml:40:13-87